Error: multiple output some-rule ESLint rule options were generated, but tslint-to-eslint-config doesn't have "merger" logic to deal with this.
Please file an issue at https://github.com/typescript-eslint/tslint-to-eslint-config/issues/new?template=missing_merger.md 🙏comment-format does not yet have an ESLint equivalent.
component-class-suffix does not yet have an ESLint equivalent.
component-selector does not yet have an ESLint equivalent.
deprecation does not yet have an ESLint equivalent.
directive-class-suffix does not yet have an ESLint equivalent.
directive-selector does not yet have an ESLint equivalent.
import-blacklist does not yet have an ESLint equivalent.
import-spacing does not yet have an ESLint equivalent.
max-line-length does not yet have an ESLint equivalent.
no-input-rename does not yet have an ESLint equivalent.
no-output-on-prefix does not yet have an ESLint equivalent.
no-output-rename does not yet have an ESLint equivalent.
no-shadowed-variable does not yet have an ESLint equivalent.
no-trailing-whitespace does not yet have an ESLint equivalent.
no-unused-expression does not yet have an ESLint equivalent.
no-unused-variable does not yet have an ESLint equivalent.
one-line does not yet have an ESLint equivalent.
ordered-imports does not yet have an ESLint equivalent.
quotemark does not yet have an ESLint equivalent.
semicolon does not yet have an ESLint equivalent.
trailing-comma does not yet have an ESLint equivalent.
triple-equals does not yet have an ESLint equivalent.
use-host-property-decorator does not yet have an ESLint equivalent.
use-input-property-decorator does not yet have an ESLint equivalent.
use-life-cycle-interface does not yet have an ESLint equivalent.
use-output-property-decorator does not yet have an ESLint equivalent.
use-pipe-transform-interface does not yet have an ESLint equivalent.
whitespace does not yet have an ESLint equivalent.
